<?xml version="1.0" encoding="UTF-8"?>
<!-- Generated by org.testng.reporters.JUnitXMLReporter -->
<testsuite ignored="0" hostname="DESKTOP-VAGII22" failures="0" tests="4" name="Default test" time="10.55" errors="0" timestamp="2021-12-07T12:47:18 IST">
  <testcase classname="RestApiAzure.RestAPIAzureBooks" name="restApiAddBook" time="4.003"/>
  <testcase classname="RestApiAzure.RestAPIAzureBooks" name="restApiEditBook" time="0.988"/>
  <testcase classname="RestApiAzure.RestAPIAzureBooks" name="restApiGetBookByID" time="2.039"/>
  <testcase classname="RestApiAzure.RestAPIAzureBooks" name="restApiGetBooksList" time="3.431"/>
</testsuite> <!-- Default test -->
